0 info it worked if it ends with ok
1 verbose cli [ '/usr/local/Cellar/node/6.3.1/bin/node',
1 verbose cli   '/usr/local/bin/npm',
1 verbose cli   'run',
1 verbose cli   'watch' ]
2 info using npm@3.10.3
3 info using node@v6.3.1
4 verbose run-script [ 'prewatch', 'watch', 'postwatch' ]
5 info lifecycle weapp-boilerplate@0.1.0~prewatch: weapp-boilerplate@0.1.0
6 silly lifecycle weapp-boilerplate@0.1.0~prewatch: no script for prewatch, continuing
7 info lifecycle weapp-boilerplate@0.1.0~watch: weapp-boilerplate@0.1.0
8 verbose lifecycle weapp-boilerplate@0.1.0~watch: unsafe-perm in lifecycle true
9 verbose lifecycle weapp-boilerplate@0.1.0~watch: PATH: /usr/local/lib/node_modules/npm/bin/node-gyp-bin:/Users/honeybee/Desktop/git/wb/weapp-boilerplate/node_modules/.bin:/usr/local/Cellar/node/6.3.1/bin:/Users/honeybee/.rvm/gems/ruby-2.1.5/bin:/Users/honeybee/.rvm/gems/ruby-2.1.5@global/bin:/Users/honeybee/.rvm/rubies/ruby-2.1.5/bin:/usr/local/bin:/usr/bin:/bin:/usr/sbin:/sbin:/Users/honeybee/.rvm/bin
10 verbose lifecycle weapp-boilerplate@0.1.0~watch: CWD: /Users/honeybee/Desktop/git/wb/weapp-boilerplate
11 silly lifecycle weapp-boilerplate@0.1.0~watch: Args: [ '-c', 'gulp watch' ]
12 silly lifecycle weapp-boilerplate@0.1.0~watch: Returned: code: 1  signal: null
13 info lifecycle weapp-boilerplate@0.1.0~watch: Failed to exec watch script
14 verbose stack Error: weapp-boilerplate@0.1.0 watch: `gulp watch`
14 verbose stack Exit status 1
14 verbose stack     at EventEmitter.<anonymous> (/usr/local/lib/node_modules/npm/lib/utils/lifecycle.js:242:16)
14 verbose stack     at emitTwo (events.js:106:13)
14 verbose stack     at EventEmitter.emit (events.js:191:7)
14 verbose stack     at ChildProcess.<anonymous> (/usr/local/lib/node_modules/npm/lib/utils/spawn.js:40:14)
14 verbose stack     at emitTwo (events.js:106:13)
14 verbose stack     at ChildProcess.emit (events.js:191:7)
14 verbose stack     at maybeClose (internal/child_process.js:852:16)
14 verbose stack     at Process.ChildProcess._handle.onexit (internal/child_process.js:215:5)
15 verbose pkgid weapp-boilerplate@0.1.0
16 verbose cwd /Users/honeybee/Desktop/git/wb/weapp-boilerplate/src/pages
17 error Darwin 16.5.0
18 error argv "/usr/local/Cellar/node/6.3.1/bin/node" "/usr/local/bin/npm" "run" "watch"
19 error node v6.3.1
20 error npm  v3.10.3
21 error code ELIFECYCLE
22 error weapp-boilerplate@0.1.0 watch: `gulp watch`
22 error Exit status 1
23 error Failed at the weapp-boilerplate@0.1.0 watch script 'gulp watch'.
23 error Make sure you have the latest version of node.js and npm installed.
23 error If you do, this is most likely a problem with the weapp-boilerplate package,
23 error not with npm itself.
23 error Tell the author that this fails on your system:
23 error     gulp watch
23 error You can get information on how to open an issue for this project with:
23 error     npm bugs weapp-boilerplate
23 error Or if that isn't available, you can get their info via:
23 error     npm owner ls weapp-boilerplate
23 error There is likely additional logging output above.
24 verbose exit [ 1, true ]
